-------------------------------------
Beginning Export of all Source
TradAccess.accdb
VCS Version 3.4.22
Using Fast Save
30/06/2022 18:46:31
-------------------------------------
-------------------------------------
Exporting project...          
  TradAccess.accdb
[1] project processed.
-------------------------------------
Exporting vb project...       
  TradAccess
[1] vb project processed.
-------------------------------------
Exporting vbe references...   
  DAO
[3] vbe references processed.
-------------------------------------
No modified vbe forms found in this database.
-------------------------------------
Exporting proj properties...  
  Current Project Properties (Access)
[2] proj properties processed.
-------------------------------------
No modified saved specs found in this database.
-------------------------------------
Exporting db properties...    
  Database Properties (DAO)
[51] db properties processed.
-------------------------------------
No modified shared images found in this database.
-------------------------------------
Exporting themes...           
  Thème Office
[1] themes processed.
-------------------------------------
No modified imex specs found in this database.
-------------------------------------
Exporting tables...           
  T_Langues
    Sanitized in 0,006 seconds.
  T_Langues (SQL)
  T_ObjetControles
    Sanitized in 0,002 seconds.
  T_ObjetControles (SQL)
  T_Objets
    Sanitized in 0,002 seconds.
  T_Objets (SQL)
  T_TradTexte
    Sanitized in 0,002 seconds.
  T_TradTexte (SQL)
[4] tables processed.
-------------------------------------
Exporting queries...          
  R_ControlesTexte
    Sanitized in 0,004 seconds.
  R_ControlesTexte (SQL)
  RL_Apps
Source: modSanitize.SanitizeFile
    Sanitized in 0,002 seconds.
  RL_Apps (SQL)
  RL_Langues
    Sanitized in 0,002 seconds.
  RL_Langues (SQL)
[3] queries processed.
-------------------------------------
Exporting forms...            
  F_MainTxt
Source: modSanitize.SanitizeFile
    Sanitized in 0,013 seconds.
[1] forms processed.
-------------------------------------
No modified macros found in this database.
-------------------------------------
No modified reports found in this database.
-------------------------------------
Exporting table data...       
  T_Langues
    Sanitized in 0,002 seconds.
[1] table data processed.
  Removing orphaned file: MD_Dev.bas
-------------------------------------
Exporting modules...          
  C_ObjetsAccess
  C_TradTexte
[2] modules processed.
-------------------------------------
No modified table data macros found in this database.
-------------------------------------
Exporting relations...        
  T_LanguesT_TradTexte
  T_ObjetControlesT_TradTexte
  T_ObjetsT_ObjetControles
[3] relations processed.
-------------------------------------
Exporting doc properties...   
  Database Documents
[5] doc properties processed.
-------------------------------------
Exporting nav pane groups...  
  Groups
[1] nav pane groups processed.
-------------------------------------
No modified hidden attributes found in this database.
-------------------------------------
Done. (1,01 seconds)

--------------------------------------------------
                PERFORMANCE REPORTS
--------------------------------------------------
Object Type                   Count     Seconds
--------------------------------------------------
Project                       1         0,02
VB Project                    1         0,01
VBE References                3         0,03
Proj Properties               2         0,01
DB Properties                 51        0,16
Themes                        1         0,01
Tables                        4         0,10
Queries                       3         0,08
Forms                         1         0,05
Table Data                    1         0,09
Modules                       2         0,05
Relations                     3         0,04
Doc Properties                5         0,02
Nav Pane Groups               1         0,02
--------------------------------------------------
TOTALS:                       79        0,69
--------------------------------------------------

--------------------------------------------------
Operations                    Count     Seconds
--------------------------------------------------
Read File                     20        0,06
Parse JSON                    11        0,02
Convert to JSON               518       0,21
Compute SHA256                25        0,00
Console Updates               2         0,19
Compare Dictionary            9         0,00
Get Modified Date             13        0,01
Get File Property Hash        13        0,00
Verify Path                   29        0,00
Create Folder                 1         0,00
Export Theme                  1         0,00
Clear Orphaned                6         0,02
App.ExportXML()               5         0,11
Read File Bytes               9         0,05
Sanitize XML                  5         0,01
Format XML                    5         0,00
Write File                    17        0,01
Save Table SQL                4         0,01
App.SaveAsText()              4         0,03
Delete File                   8         0,00
Sanitize File                 4         0,02
Save Query SQL                3         0,00
Get VBA Hash                  10        0,01
Export VBE Module             2         0,03
Enc. Windows-1252 as utf-8    2         0,02
--------------------------------------------------
Other Operations                        0,21
--------------------------------------------------


